<?xml version="1.0" encoding="UTF-8"?>
<testng-results ignored="0" total="19" passed="16" failed="3" skipped="0">
  <reporter-output>
  </reporter-output>
  <suite started-at="2022-07-23T21:26:28 EET" name="Surefire suite" finished-at="2022-07-23T21:28:24 EET" duration-ms="116063">
    <groups>
      <group name="cucumber">
        <method signature="AbstractTestNGCucumberTests.runScenario(io.cucumber.testng.PickleWrapper,io.cucumber.testng.FeatureWrapper)[pri:0, instance:org.example.testRunner.Runners@60d8c9b7]" name="runScenario" class="io.cucumber.testng.AbstractTestNGCucumberTests"/>
      </group> <!-- cucumber -->
    </groups>
    <test started-at="2022-07-23T21:26:28 EET" name="Surefire test" finished-at="2022-07-23T21:28:24 EET" duration-ms="116063">
      <class name="org.example.testRunner.Runners">
        <test-method is-config="true" signature="setUpClass(org.testng.ITestContext)[pri:0, instance:org.example.testRunner.Runners@60d8c9b7]" started-at="2022-07-23T21:26:28 EET" name="setUpClass" finished-at="2022-07-23T21:26:29 EET" duration-ms="869" status="PASS">
          <params>
            <param index="0">
              <value>
                <![CDATA[org.testng.TestRunner@e7b0bec]]>
              </value>
            </param>
          </params>
          <reporter-output>
          </reporter-output>
        </test-method> <!-- setUpClass -->
        <test-method signature="runScenario(io.cucumber.testng.PickleWrapper,io.cucumber.testng.FeatureWrapper)[pri:0, instance:org.example.testRunner.Runners@60d8c9b7]" started-at="2022-07-23T21:26:29 EET" name="runScenario" description="Runs Cucumber Scenarios" data-provider="scenarios" finished-at="2022-07-23T21:26:38 EET" duration-ms="8725" status="PASS">
          <params>
            <param index="0">
              <value>
                <![CDATA["guest user could register with valid data successfully"]]>
              </value>
            </param>
            <param index="1">
              <value>
                <![CDATA["F01_Register | users could register with new accounts"]]>
              </value>
            </param>
          </params>
          <reporter-output>
          </reporter-output>
        </test-method> <!-- runScenario -->
        <test-method signature="runScenario(io.cucumber.testng.PickleWrapper,io.cucumber.testng.FeatureWrapper)[pri:0, instance:org.example.testRunner.Runners@60d8c9b7]" started-at="2022-07-23T21:26:38 EET" name="runScenario" description="Runs Cucumber Scenarios" data-provider="scenarios" finished-at="2022-07-23T21:26:43 EET" duration-ms="5737" status="PASS">
          <params>
            <param index="0">
              <value>
                <![CDATA["user could login with valid email and password"]]>
              </value>
            </param>
            <param index="1">
              <value>
                <![CDATA["F02_Login | users could use login functionality to use their accounts"]]>
              </value>
            </param>
          </params>
          <reporter-output>
          </reporter-output>
        </test-method> <!-- runScenario -->
        <test-method signature="runScenario(io.cucumber.testng.PickleWrapper,io.cucumber.testng.FeatureWrapper)[pri:0, instance:org.example.testRunner.Runners@60d8c9b7]" started-at="2022-07-23T21:26:43 EET" name="runScenario" description="Runs Cucumber Scenarios" data-provider="scenarios" finished-at="2022-07-23T21:26:49 EET" duration-ms="5268" status="PASS">
          <params>
            <param index="0">
              <value>
                <![CDATA["user could login with invalid email and password"]]>
              </value>
            </param>
            <param index="1">
              <value>
                <![CDATA["F02_Login | users could use login functionality to use their accounts"]]>
              </value>
            </param>
          </params>
          <reporter-output>
          </reporter-output>
        </test-method> <!-- runScenario -->
        <test-method signature="runScenario(io.cucumber.testng.PickleWrapper,io.cucumber.testng.FeatureWrapper)[pri:0, instance:org.example.testRunner.Runners@60d8c9b7]" started-at="2022-07-23T21:26:49 EET" name="runScenario" description="Runs Cucumber Scenarios" data-provider="scenarios" finished-at="2022-07-23T21:26:54 EET" duration-ms="5168" status="PASS">
          <params>
            <param index="0">
              <value>
                <![CDATA["user change currency to euro"]]>
              </value>
            </param>
            <param index="1">
              <value>
                <![CDATA["F03_Currencies | user could change currency shown on the website"]]>
              </value>
            </param>
          </params>
          <reporter-output>
          </reporter-output>
        </test-method> <!-- runScenario -->
        <test-method signature="runScenario(io.cucumber.testng.PickleWrapper,io.cucumber.testng.FeatureWrapper)[pri:0, instance:org.example.testRunner.Runners@60d8c9b7]" started-at="2022-07-23T21:26:54 EET" name="runScenario" description="Runs Cucumber Scenarios" data-provider="scenarios" finished-at="2022-07-23T21:26:58 EET" duration-ms="4748" status="PASS">
          <params>
            <param index="0">
              <value>
                <![CDATA["user could search for product using product name"]]>
              </value>
            </param>
            <param index="1">
              <value>
                <![CDATA["F04_Search | user could search using product name & sku"]]>
              </value>
            </param>
          </params>
          <reporter-output>
          </reporter-output>
        </test-method> <!-- runScenario -->
        <test-method signature="runScenario(io.cucumber.testng.PickleWrapper,io.cucumber.testng.FeatureWrapper)[pri:0, instance:org.example.testRunner.Runners@60d8c9b7]" started-at="2022-07-23T21:26:58 EET" name="runScenario" description="Runs Cucumber Scenarios" data-provider="scenarios" finished-at="2022-07-23T21:27:03 EET" duration-ms="4554" status="PASS">
          <params>
            <param index="0">
              <value>
                <![CDATA["user could search for product using product name"]]>
              </value>
            </param>
            <param index="1">
              <value>
                <![CDATA["F04_Search | user could search using product name & sku"]]>
              </value>
            </param>
          </params>
          <reporter-output>
          </reporter-output>
        </test-method> <!-- runScenario -->
        <test-method signature="runScenario(io.cucumber.testng.PickleWrapper,io.cucumber.testng.FeatureWrapper)[pri:0, instance:org.example.testRunner.Runners@60d8c9b7]" started-at="2022-07-23T21:27:03 EET" name="runScenario" description="Runs Cucumber Scenarios" data-provider="scenarios" finished-at="2022-07-23T21:27:08 EET" duration-ms="4641" status="PASS">
          <params>
            <param index="0">
              <value>
                <![CDATA["user could search for product using product name"]]>
              </value>
            </param>
            <param index="1">
              <value>
                <![CDATA["F04_Search | user could search using product name & sku"]]>
              </value>
            </param>
          </params>
          <reporter-output>
          </reporter-output>
        </test-method> <!-- runScenario -->
        <test-method signature="runScenario(io.cucumber.testng.PickleWrapper,io.cucumber.testng.FeatureWrapper)[pri:0, instance:org.example.testRunner.Runners@60d8c9b7]" started-at="2022-07-23T21:27:08 EET" name="runScenario" description="Runs Cucumber Scenarios" data-provider="scenarios" finished-at="2022-07-23T21:27:14 EET" duration-ms="6114" status="PASS">
          <params>
            <param index="0">
              <value>
                <![CDATA["user could search for product using product sku"]]>
              </value>
            </param>
            <param index="1">
              <value>
                <![CDATA["F04_Search | user could search using product name & sku"]]>
              </value>
            </param>
          </params>
          <reporter-output>
          </reporter-output>
        </test-method> <!-- runScenario -->
        <test-method signature="runScenario(io.cucumber.testng.PickleWrapper,io.cucumber.testng.FeatureWrapper)[pri:0, instance:org.example.testRunner.Runners@60d8c9b7]" started-at="2022-07-23T21:27:14 EET" name="runScenario" description="Runs Cucumber Scenarios" data-provider="scenarios" finished-at="2022-07-23T21:27:20 EET" duration-ms="5917" status="PASS">
          <params>
            <param index="0">
              <value>
                <![CDATA["user could search for product using product sku"]]>
              </value>
            </param>
            <param index="1">
              <value>
                <![CDATA["F04_Search | user could search using product name & sku"]]>
              </value>
            </param>
          </params>
          <reporter-output>
          </reporter-output>
        </test-method> <!-- runScenario -->
        <test-method signature="runScenario(io.cucumber.testng.PickleWrapper,io.cucumber.testng.FeatureWrapper)[pri:0, instance:org.example.testRunner.Runners@60d8c9b7]" started-at="2022-07-23T21:27:20 EET" name="runScenario" description="Runs Cucumber Scenarios" data-provider="scenarios" finished-at="2022-07-23T21:27:27 EET" duration-ms="7607" status="PASS">
          <params>
            <param index="0">
              <value>
                <![CDATA["user could search for product using product sku"]]>
              </value>
            </param>
            <param index="1">
              <value>
                <![CDATA["F04_Search | user could search using product name & sku"]]>
              </value>
            </param>
          </params>
          <reporter-output>
          </reporter-output>
        </test-method> <!-- runScenario -->
        <test-method signature="runScenario(io.cucumber.testng.PickleWrapper,io.cucumber.testng.FeatureWrapper)[pri:0, instance:org.example.testRunner.Runners@60d8c9b7]" started-at="2022-07-23T21:27:27 EET" name="runScenario" description="Runs Cucumber Scenarios" data-provider="scenarios" finished-at="2022-07-23T21:27:33 EET" duration-ms="5618" status="PASS">
          <params>
            <param index="0">
              <value>
                <![CDATA["user could hover category & select subcategory from it"]]>
              </value>
            </param>
            <param index="1">
              <value>
                <![CDATA["F05_HoverCategories | user could hover and select categories & subcategories"]]>
              </value>
            </param>
          </params>
          <reporter-output>
          </reporter-output>
        </test-method> <!-- runScenario -->
        <test-method signature="runScenario(io.cucumber.testng.PickleWrapper,io.cucumber.testng.FeatureWrapper)[pri:0, instance:org.example.testRunner.Runners@60d8c9b7]" started-at="2022-07-23T21:27:33 EET" name="runScenario" description="Runs Cucumber Scenarios" data-provider="scenarios" finished-at="2022-07-23T21:27:40 EET" duration-ms="6864" status="FAIL">
          <params>
            <param index="0">
              <value>
                <![CDATA["user redirect to correct page of the first slider"]]>
              </value>
            </param>
            <param index="1">
              <value>
                <![CDATA["F06_HomeSliders | user could redirect to correct URL"]]>
              </value>
            </param>
          </params>
          <exception class="java.lang.AssertionError">
            <message>
              <![CDATA[first slider expected [https://demo.nopcommerce.com/nokia-lumia-1020] but found [https://demo.nopcommerce.com/]]]>
            </message>
            <full-stacktrace>
              <![CDATA[java.lang.AssertionError: first slider expected [https://demo.nopcommerce.com/nokia-lumia-1020] but found [https://demo.nopcommerce.com/]
at org.testng.Assert.fail(Assert.java:110)
at org.testng.Assert.failNotEquals(Assert.java:1413)
at org.testng.Assert.assertEqualsImpl(Assert.java:149)
at org.testng.Assert.assertEquals(Assert.java:131)
at org.testng.Assert.assertEquals(Assert.java:655)
at org.example.stepDefs.D06_homeSlidersStepDef.validateSecondSlider(D06_homeSlidersStepDef.java:37)
at ✽.validate "https://demo.nopcommerce.com/nokia-lumia-1020" is correct on "first slider"(file:///C:/Users/Yodawy/IdeaProjects/DemoNopCommerce/src/main/resources/features/F06_HomeSliders.feature:8)
]]>
            </full-stacktrace>
          </exception> <!-- java.lang.AssertionError -->
          <reporter-output>
          </reporter-output>
        </test-method> <!-- runScenario -->
        <test-method signature="runScenario(io.cucumber.testng.PickleWrapper,io.cucumber.testng.FeatureWrapper)[pri:0, instance:org.example.testRunner.Runners@60d8c9b7]" started-at="2022-07-23T21:27:40 EET" name="runScenario" description="Runs Cucumber Scenarios" data-provider="scenarios" finished-at="2022-07-23T21:27:46 EET" duration-ms="6340" status="FAIL">
          <params>
            <param index="0">
              <value>
                <![CDATA["user redirect to correct page of the second slider"]]>
              </value>
            </param>
            <param index="1">
              <value>
                <![CDATA["F06_HomeSliders | user could redirect to correct URL"]]>
              </value>
            </param>
          </params>
          <exception class="java.lang.AssertionError">
            <message>
              <![CDATA[second slider expected [https://demo.nopcommerce.com/iphone-6] but found [https://demo.nopcommerce.com/]]]>
            </message>
            <full-stacktrace>
              <![CDATA[java.lang.AssertionError: second slider expected [https://demo.nopcommerce.com/iphone-6] but found [https://demo.nopcommerce.com/]
at org.testng.Assert.fail(Assert.java:110)
at org.testng.Assert.failNotEquals(Assert.java:1413)
at org.testng.Assert.assertEqualsImpl(Assert.java:149)
at org.testng.Assert.assertEquals(Assert.java:131)
at org.testng.Assert.assertEquals(Assert.java:655)
at org.example.stepDefs.D06_homeSlidersStepDef.validateSecondSlider(D06_homeSlidersStepDef.java:37)
at ✽.validate "https://demo.nopcommerce.com/iphone-6" is correct on "second slider"(file:///C:/Users/Yodawy/IdeaProjects/DemoNopCommerce/src/main/resources/features/F06_HomeSliders.feature:13)
]]>
            </full-stacktrace>
          </exception> <!-- java.lang.AssertionError -->
          <reporter-output>
          </reporter-output>
        </test-method> <!-- runScenario -->
        <test-method signature="runScenario(io.cucumber.testng.PickleWrapper,io.cucumber.testng.FeatureWrapper)[pri:0, instance:org.example.testRunner.Runners@60d8c9b7]" started-at="2022-07-23T21:27:46 EET" name="runScenario" description="Runs Cucumber Scenarios" data-provider="scenarios" finished-at="2022-07-23T21:27:52 EET" duration-ms="5672" status="PASS">
          <params>
            <param index="0">
              <value>
                <![CDATA["user opens facebook link"]]>
              </value>
            </param>
            <param index="1">
              <value>
                <![CDATA["F07_FollowUs | users could open followUs links"]]>
              </value>
            </param>
          </params>
          <reporter-output>
          </reporter-output>
        </test-method> <!-- runScenario -->
        <test-method signature="runScenario(io.cucumber.testng.PickleWrapper,io.cucumber.testng.FeatureWrapper)[pri:0, instance:org.example.testRunner.Runners@60d8c9b7]" started-at="2022-07-23T21:27:52 EET" name="runScenario" description="Runs Cucumber Scenarios" data-provider="scenarios" finished-at="2022-07-23T21:28:01 EET" duration-ms="8715" status="PASS">
          <params>
            <param index="0">
              <value>
                <![CDATA["user opens twitter link"]]>
              </value>
            </param>
            <param index="1">
              <value>
                <![CDATA["F07_FollowUs | users could open followUs links"]]>
              </value>
            </param>
          </params>
          <reporter-output>
          </reporter-output>
        </test-method> <!-- runScenario -->
        <test-method signature="runScenario(io.cucumber.testng.PickleWrapper,io.cucumber.testng.FeatureWrapper)[pri:0, instance:org.example.testRunner.Runners@60d8c9b7]" started-at="2022-07-23T21:28:01 EET" name="runScenario" description="Runs Cucumber Scenarios" data-provider="scenarios" finished-at="2022-07-23T21:28:07 EET" duration-ms="6115" status="FAIL">
          <params>
            <param index="0">
              <value>
                <![CDATA["user opens rss link"]]>
              </value>
            </param>
            <param index="1">
              <value>
                <![CDATA["F07_FollowUs | users could open followUs links"]]>
              </value>
            </param>
          </params>
          <exception class="java.lang.IndexOutOfBoundsException">
            <message>
              <![CDATA[Index 1 out of bounds for length 1]]>
            </message>
            <full-stacktrace>
              <![CDATA[java.lang.IndexOutOfBoundsException: Index 1 out of bounds for length 1
at java.base/jdk.internal.util.Preconditions.outOfBounds(Preconditions.java:100)
at java.base/jdk.internal.util.Preconditions.outOfBoundsCheckIndex(Preconditions.java:106)
at java.base/jdk.internal.util.Preconditions.checkIndex(Preconditions.java:302)
at java.base/java.util.Objects.checkIndex(Objects.java:359)
at java.base/java.util.ArrayList.get(ArrayList.java:427)
at org.example.stepDefs.D07_followUsStepDef.validateFacebook(D07_followUsStepDef.java:37)
at ✽."https://demo.nopcommerce.com/new-online-store-is-open" is opened in new tab(file:///C:/Users/Yodawy/IdeaProjects/DemoNopCommerce/src/main/resources/features/F07_FollowUs.feature:15)
]]>
            </full-stacktrace>
          </exception> <!-- java.lang.IndexOutOfBoundsException -->
          <reporter-output>
          </reporter-output>
        </test-method> <!-- runScenario -->
        <test-method signature="runScenario(io.cucumber.testng.PickleWrapper,io.cucumber.testng.FeatureWrapper)[pri:0, instance:org.example.testRunner.Runners@60d8c9b7]" started-at="2022-07-23T21:28:07 EET" name="runScenario" description="Runs Cucumber Scenarios" data-provider="scenarios" finished-at="2022-07-23T21:28:14 EET" duration-ms="7562" status="PASS">
          <params>
            <param index="0">
              <value>
                <![CDATA["user opens youtube link"]]>
              </value>
            </param>
            <param index="1">
              <value>
                <![CDATA["F07_FollowUs | users could open followUs links"]]>
              </value>
            </param>
          </params>
          <reporter-output>
          </reporter-output>
        </test-method> <!-- runScenario -->
        <test-method signature="runScenario(io.cucumber.testng.PickleWrapper,io.cucumber.testng.FeatureWrapper)[pri:0, instance:org.example.testRunner.Runners@60d8c9b7]" started-at="2022-07-23T21:28:14 EET" name="runScenario" description="Runs Cucumber Scenarios" data-provider="scenarios" finished-at="2022-07-23T21:28:19 EET" duration-ms="4628" status="PASS">
          <params>
            <param index="0">
              <value>
                <![CDATA["user could add to wishlist"]]>
              </value>
            </param>
            <param index="1">
              <value>
                <![CDATA["F08_Wishlist | users could add to wishlist and count"]]>
              </value>
            </param>
          </params>
          <reporter-output>
          </reporter-output>
        </test-method> <!-- runScenario -->
        <test-method signature="runScenario(io.cucumber.testng.PickleWrapper,io.cucumber.testng.FeatureWrapper)[pri:0, instance:org.example.testRunner.Runners@60d8c9b7]" started-at="2022-07-23T21:28:19 EET" name="runScenario" description="Runs Cucumber Scenarios" data-provider="scenarios" finished-at="2022-07-23T21:28:24 EET" duration-ms="4952" status="PASS">
          <params>
            <param index="0">
              <value>
                <![CDATA["user could add to wishlist and check quantity of it"]]>
              </value>
            </param>
            <param index="1">
              <value>
                <![CDATA["F08_Wishlist | users could add to wishlist and count"]]>
              </value>
            </param>
          </params>
          <reporter-output>
          </reporter-output>
        </test-method> <!-- runScenario -->
        <test-method is-config="true" signature="tearDownClass()[pri:0, instance:org.example.testRunner.Runners@60d8c9b7]" started-at="2022-07-23T21:28:24 EET" name="tearDownClass" finished-at="2022-07-23T21:28:24 EET" duration-ms="197" status="PASS">
          <reporter-output>
          </reporter-output>
        </test-method> <!-- tearDownClass -->
      </class> <!-- org.example.testRunner.Runners -->
    </test> <!-- Surefire test -->
  </suite> <!-- Surefire suite -->
</testng-results>
