<?xml version="1.0" encoding="UTF-8"?>
<testsuite xmlns:xsi="http://www.w3.org/2001/XMLSchema-instance" xsi:noNamespaceSchemaLocation="https://maven.apache.org/surefire/maven-surefire-plugin/xsd/surefire-test-report-3.0.xsd" version="3.0" name="org.example.testRunner.Runners" time="116.465" tests="19" errors="0" skipped="0" failures="3">
  <properties>
[...]
</properties>
  <testcase name="runScenario[&quot;guest user could register with valid data successfully&quot;, &quot;F01_Register | users could register with new accounts&quot;](1)" classname="org.example.testRunner.Runners" time="8.726">
    <system-out><![CDATA[
@smoke
Scenario: guest user could register with valid data successfully &amp#27;[90m# src/main/resources/features/F01_Register.feature:5&amp#27;[0m
  &amp#27;[32mGiven &amp#27;[0m&amp#27;[32muser go to register page&amp#27;[0m                                 &amp#27;[90m# org.example.stepDefs.D01_registerStepDef.openRegisterPage()&amp#27;[0m
  &amp#27;[32mWhen &amp#27;[0m&amp#27;[32muser select gender type&amp#27;[0m                                   &amp#27;[90m# org.example.stepDefs.D01_registerStepDef.selectGender()&amp#27;[0m
  &amp#27;[32mAnd &amp#27;[0m&amp#27;[32muser enter first name "&amp#27;[0m&amp#27;[32m&amp#27;[1mMustafa2&amp#27;[0m&amp#27;[32m" and last name "&amp#27;[0m&amp#27;[32m&amp#27;[1mAmr2&amp#27;[0m&amp#27;[32m"&amp#27;[0m      &amp#27;[90m# org.example.stepDefs.D01_registerStepDef.enterName(java.lang.String,java.lang.String)&amp#27;[0m
  &amp#27;[32mThen &amp#27;[0m&amp#27;[32muser enter date of birth&amp#27;[0m                                  &amp#27;[90m# org.example.stepDefs.D01_registerStepDef.enterBirthdate()&amp#27;[0m
  &amp#27;[32mAnd &amp#27;[0m&amp#27;[32muser enter email field "&amp#27;[0m&amp#27;[32m&amp#27;[1mmustafa2@mail.com&amp#27;[0m&amp#27;[32m"&amp#27;[0m                 &amp#27;[90m# org.example.stepDefs.D01_registerStepDef.enterMail(java.lang.String)&amp#27;[0m
  &amp#27;[32mAnd &amp#27;[0m&amp#27;[32muser fills Password fields "&amp#27;[0m&amp#27;[32m&amp#27;[1m12345600&amp#27;[0m&amp#27;[32m" "&amp#27;[0m&amp#27;[32m&amp#27;[1m12345600&amp#27;[0m&amp#27;[32m"&amp#27;[0m           &amp#27;[90m# org.example.stepDefs.D01_registerStepDef.enterPasswords(java.lang.String,java.lang.String)&amp#27;[0m
  &amp#27;[32mThen &amp#27;[0m&amp#27;[32muser clicks on register button&amp#27;[0m                            &amp#27;[90m# org.example.stepDefs.D01_registerStepDef.clickRegisterBtn()&amp#27;[0m
  &amp#27;[32mAnd &amp#27;[0m&amp#27;[32msuccess message is displayed&amp#27;[0m                               &amp#27;[90m# org.example.stepDefs.D01_registerStepDef.doAssert()&amp#27;[0m
]]></system-out>
    <system-err><![CDATA[SLF4J: Failed to load class "org.slf4j.impl.StaticLoggerBinder".
SLF4J: Defaulting to no-operation (NOP) logger implementation
SLF4J: See http://www.slf4j.org/codes.html#StaticLoggerBinder for further details.
Starting ChromeDriver 103.0.5060.53 (a1711811edd74ff1cf2150f36ffa3b0dae40b17f-refs/branch-heads/5060@{#853}) on port 60133
Only local connections are allowed.
Please see https://chromedriver.chromium.org/security-considerations for suggestions on keeping ChromeDriver safe.
ChromeDriver was started successfully.
Jul 23, 2022 9:26:30 PM org.openqa.selenium.remote.ProtocolHandshake createSession
INFO: Detected upstream dialect: W3C
Jul 23, 2022 9:26:30 PM org.openqa.selenium.devtools.CdpVersionFinder findNearestMatch
INFO: Found exact CDP implementation for version 103
]]></system-err>
  </testcase>
  <testcase name="runScenario[&quot;user could login with valid email and password&quot;, &quot;F02_Login | users could use login functionality to use their accounts&quot;](2)" classname="org.example.testRunner.Runners" time="5.737">
    <system-out><![CDATA[
@smoke
Scenario: user could login with valid email and password        &amp#27;[90m# src/main/resources/features/F02_Login.feature:5&amp#27;[0m
  &amp#27;[32mGiven &amp#27;[0m&amp#27;[32muser go to login page&amp#27;[0m                                   &amp#27;[90m# org.example.stepDefs.D02_loginStepDef.openLoginPage()&amp#27;[0m
  &amp#27;[32mWhen &amp#27;[0m&amp#27;[32muser login with valid "&amp#27;[0m&amp#27;[32m&amp#27;[1mmustafa2@mail.com&amp#27;[0m&amp#27;[32m" and "&amp#27;[0m&amp#27;[32m&amp#27;[1m12345600&amp#27;[0m&amp#27;[32m"&amp#27;[0m &amp#27;[90m# org.example.stepDefs.D02_loginStepDef.loginWithValidData(java.lang.String,java.lang.String)&amp#27;[0m
  &amp#27;[32mAnd &amp#27;[0m&amp#27;[32muser press on login button&amp#27;[0m                                &amp#27;[90m# org.example.stepDefs.D02_loginStepDef.clickLoginBtn()&amp#27;[0m
  &amp#27;[32mThen &amp#27;[0m&amp#27;[32muser login to the system successfully&amp#27;[0m                    &amp#27;[90m# org.example.stepDefs.D02_loginStepDef.doAssertSuccess()&amp#27;[0m
]]></system-out>
    <system-err><![CDATA[Starting ChromeDriver 103.0.5060.53 (a1711811edd74ff1cf2150f36ffa3b0dae40b17f-refs/branch-heads/5060@{#853}) on port 58906
Only local connections are allowed.
Please see https://chromedriver.chromium.org/security-considerations for suggestions on keeping ChromeDriver safe.
ChromeDriver was started successfully.
Jul 23, 2022 9:26:38 PM org.openqa.selenium.remote.ProtocolHandshake createSession
INFO: Detected upstream dialect: W3C
Jul 23, 2022 9:26:39 PM org.openqa.selenium.devtools.CdpVersionFinder findNearestMatch
INFO: Found exact CDP implementation for version 103
]]></system-err>
  </testcase>
  <testcase name="runScenario[&quot;user could login with invalid email and password&quot;, &quot;F02_Login | users could use login functionality to use their accounts&quot;](3)" classname="org.example.testRunner.Runners" time="5.268">
    <system-out><![CDATA[
@smoke
Scenario: user could login with invalid email and password &amp#27;[90m# src/main/resources/features/F02_Login.feature:11&amp#27;[0m
  &amp#27;[32mGiven &amp#27;[0m&amp#27;[32muser go to login page&amp#27;[0m                              &amp#27;[90m# org.example.stepDefs.D02_loginStepDef.openLoginPage()&amp#27;[0m
  &amp#27;[32mWhen &amp#27;[0m&amp#27;[32muser login with invalid "&amp#27;[0m&amp#27;[32m&amp#27;[1mt@test.com&amp#27;[0m&amp#27;[32m" and "&amp#27;[0m&amp#27;[32m&amp#27;[1m123456&amp#27;[0m&amp#27;[32m"&amp#27;[0m   &amp#27;[90m# org.example.stepDefs.D02_loginStepDef.loginWithInvalidData(java.lang.String,java.lang.String)&amp#27;[0m
  &amp#27;[32mAnd &amp#27;[0m&amp#27;[32muser press on login button&amp#27;[0m                           &amp#27;[90m# org.example.stepDefs.D02_loginStepDef.clickLoginBtn()&amp#27;[0m
  &amp#27;[32mThen &amp#27;[0m&amp#27;[32muser could not login to the system&amp#27;[0m                  &amp#27;[90m# org.example.stepDefs.D02_loginStepDef.doAssertFailed()&amp#27;[0m
]]></system-out>
    <system-err><![CDATA[Starting ChromeDriver 103.0.5060.53 (a1711811edd74ff1cf2150f36ffa3b0dae40b17f-refs/branch-heads/5060@{#853}) on port 58679
Only local connections are allowed.
Please see https://chromedriver.chromium.org/security-considerations for suggestions on keeping ChromeDriver safe.
ChromeDriver was started successfully.
Jul 23, 2022 9:26:44 PM org.openqa.selenium.remote.ProtocolHandshake createSession
INFO: Detected upstream dialect: W3C
Jul 23, 2022 9:26:44 PM org.openqa.selenium.devtools.CdpVersionFinder findNearestMatch
INFO: Found exact CDP implementation for version 103
]]></system-err>
  </testcase>
  <testcase name="runScenario[&quot;user change currency to euro&quot;, &quot;F03_Currencies | user could change currency shown on the website&quot;](4)" classname="org.example.testRunner.Runners" time="5.169">
    <system-out><![CDATA[
@smoke
Scenario: user change currency to euro           &amp#27;[90m# src/main/resources/features/F03_Currencies.feature:5&amp#27;[0m
  &amp#27;[32mGiven &amp#27;[0m&amp#27;[32muser select euro currency&amp#27;[0m                &amp#27;[90m# org.example.stepDefs.D03_currenciesStepDef.selectEuro()&amp#27;[0m
€1032.00
€1548.00
€210.70
€21.50
  &amp#27;[32mThen &amp#27;[0m&amp#27;[32muser verify Euro Symbol is shown on price&amp#27;[0m &amp#27;[90m# org.example.stepDefs.D03_currenciesStepDef.verifySymbol()&amp#27;[0m
]]></system-out>
    <system-err><![CDATA[Starting ChromeDriver 103.0.5060.53 (a1711811edd74ff1cf2150f36ffa3b0dae40b17f-refs/branch-heads/5060@{#853}) on port 62017
Only local connections are allowed.
Please see https://chromedriver.chromium.org/security-considerations for suggestions on keeping ChromeDriver safe.
ChromeDriver was started successfully.
Jul 23, 2022 9:26:50 PM org.openqa.selenium.remote.ProtocolHandshake createSession
INFO: Detected upstream dialect: W3C
Jul 23, 2022 9:26:50 PM org.openqa.selenium.devtools.CdpVersionFinder findNearestMatch
INFO: Found exact CDP implementation for version 103
]]></system-err>
  </testcase>
  <testcase name="runScenario[&quot;user could search for product using product name&quot;, &quot;F04_Search | user could search using product name &amp; sku&quot;](5)" classname="org.example.testRunner.Runners" time="4.749">
    <system-out><![CDATA[
@smoke
Scenario Outline: user could search for product using product name &amp#27;[90m# src/main/resources/features/F04_Search.feature:13&amp#27;[0m
  &amp#27;[32mGiven &amp#27;[0m&amp#27;[32muser type &amp#27;[0m&amp#27;[32m&amp#27;[1mbook&amp#27;[0m&amp#27;[32m on search bar to search for product name&amp#27;[0m    &amp#27;[90m# org.example.stepDefs.D04_searchStepDef.searchName(java.lang.String)&amp#27;[0m
  &amp#27;[32mAnd &amp#27;[0m&amp#27;[32mclick search button&amp#27;[0m                                          &amp#27;[90m# org.example.stepDefs.D04_searchStepDef.clickSearchBtn()&amp#27;[0m
4
4
  &amp#27;[32mThen &amp#27;[0m&amp#27;[32mvalidate count of products appeared&amp#27;[0m                         &amp#27;[90m# org.example.stepDefs.D04_searchStepDef.validateCount()&amp#27;[0m
  &amp#27;[32mAnd &amp#27;[0m&amp#27;[32mvalidate containing searched &amp#27;[0m&amp#27;[32m&amp#27;[1mbook&amp#27;[0m                            &amp#27;[90m# org.example.stepDefs.D04_searchStepDef.validateKeyword(java.lang.String)&amp#27;[0m
]]></system-out>
    <system-err><![CDATA[Starting ChromeDriver 103.0.5060.53 (a1711811edd74ff1cf2150f36ffa3b0dae40b17f-refs/branch-heads/5060@{#853}) on port 64074
Only local connections are allowed.
Please see https://chromedriver.chromium.org/security-considerations for suggestions on keeping ChromeDriver safe.
ChromeDriver was started successfully.
Jul 23, 2022 9:26:55 PM org.openqa.selenium.remote.ProtocolHandshake createSession
INFO: Detected upstream dialect: W3C
Jul 23, 2022 9:26:55 PM org.openqa.selenium.devtools.CdpVersionFinder findNearestMatch
INFO: Found exact CDP implementation for version 103
]]></system-err>
  </testcase>
  <testcase name="runScenario[&quot;user could search for product using product name&quot;, &quot;F04_Search | user could search using product name &amp; sku&quot;](6)" classname="org.example.testRunner.Runners" time="4.555">
    <system-out><![CDATA[
@smoke
Scenario Outline: user could search for product using product name &amp#27;[90m# src/main/resources/features/F04_Search.feature:14&amp#27;[0m
  &amp#27;[32mGiven &amp#27;[0m&amp#27;[32muser type &amp#27;[0m&amp#27;[32m&amp#27;[1mlaptop&amp#27;[0m&amp#27;[32m on search bar to search for product name&amp#27;[0m  &amp#27;[90m# org.example.stepDefs.D04_searchStepDef.searchName(java.lang.String)&amp#27;[0m
  &amp#27;[32mAnd &amp#27;[0m&amp#27;[32mclick search button&amp#27;[0m                                          &amp#27;[90m# org.example.stepDefs.D04_searchStepDef.clickSearchBtn()&amp#27;[0m
2
2
  &amp#27;[32mThen &amp#27;[0m&amp#27;[32mvalidate count of products appeared&amp#27;[0m                         &amp#27;[90m# org.example.stepDefs.D04_searchStepDef.validateCount()&amp#27;[0m
  &amp#27;[32mAnd &amp#27;[0m&amp#27;[32mvalidate containing searched &amp#27;[0m&amp#27;[32m&amp#27;[1mlaptop&amp#27;[0m                          &amp#27;[90m# org.example.stepDefs.D04_searchStepDef.validateKeyword(java.lang.String)&amp#27;[0m
]]></system-out>
    <system-err><![CDATA[Starting ChromeDriver 103.0.5060.53 (a1711811edd74ff1cf2150f36ffa3b0dae40b17f-refs/branch-heads/5060@{#853}) on port 57551
Only local connections are allowed.
Please see https://chromedriver.chromium.org/security-considerations for suggestions on keeping ChromeDriver safe.
ChromeDriver was started successfully.
Jul 23, 2022 9:26:59 PM org.openqa.selenium.remote.ProtocolHandshake createSession
INFO: Detected upstream dialect: W3C
Jul 23, 2022 9:26:59 PM org.openqa.selenium.devtools.CdpVersionFinder findNearestMatch
INFO: Found exact CDP implementation for version 103
]]></system-err>
  </testcase>
  <testcase name="runScenario[&quot;user could search for product using product name&quot;, &quot;F04_Search | user could search using product name &amp; sku&quot;](7)" classname="org.example.testRunner.Runners" time="4.64">
    <system-out><![CDATA[
@smoke
Scenario Outline: user could search for product using product name &amp#27;[90m# src/main/resources/features/F04_Search.feature:15&amp#27;[0m
  &amp#27;[32mGiven &amp#27;[0m&amp#27;[32muser type &amp#27;[0m&amp#27;[32m&amp#27;[1mnike&amp#27;[0m&amp#27;[32m on search bar to search for product name&amp#27;[0m    &amp#27;[90m# org.example.stepDefs.D04_searchStepDef.searchName(java.lang.String)&amp#27;[0m
  &amp#27;[32mAnd &amp#27;[0m&amp#27;[32mclick search button&amp#27;[0m                                          &amp#27;[90m# org.example.stepDefs.D04_searchStepDef.clickSearchBtn()&amp#27;[0m
3
3
  &amp#27;[32mThen &amp#27;[0m&amp#27;[32mvalidate count of products appeared&amp#27;[0m                         &amp#27;[90m# org.example.stepDefs.D04_searchStepDef.validateCount()&amp#27;[0m
  &amp#27;[32mAnd &amp#27;[0m&amp#27;[32mvalidate containing searched &amp#27;[0m&amp#27;[32m&amp#27;[1mnike&amp#27;[0m                            &amp#27;[90m# org.example.stepDefs.D04_searchStepDef.validateKeyword(java.lang.String)&amp#27;[0m
]]></system-out>
    <system-err><![CDATA[Starting ChromeDriver 103.0.5060.53 (a1711811edd74ff1cf2150f36ffa3b0dae40b17f-refs/branch-heads/5060@{#853}) on port 59944
Only local connections are allowed.
Please see https://chromedriver.chromium.org/security-considerations for suggestions on keeping ChromeDriver safe.
ChromeDriver was started successfully.
Jul 23, 2022 9:27:04 PM org.openqa.selenium.remote.ProtocolHandshake createSession
INFO: Detected upstream dialect: W3C
Jul 23, 2022 9:27:04 PM org.openqa.selenium.devtools.CdpVersionFinder findNearestMatch
INFO: Found exact CDP implementation for version 103
]]></system-err>
  </testcase>
  <testcase name="runScenario[&quot;user could search for product using product sku&quot;, &quot;F04_Search | user could search using product name &amp; sku&quot;](8)" classname="org.example.testRunner.Runners" time="6.115">
    <system-out><![CDATA[
@smoke
Scenario Outline: user could search for product using product sku   &amp#27;[90m# src/main/resources/features/F04_Search.feature:25&amp#27;[0m
  &amp#27;[32mGiven &amp#27;[0m&amp#27;[32muser type &amp#27;[0m&amp#27;[32m&amp#27;[1mSCI_FAITH&amp#27;[0m&amp#27;[32m on search bar to search for product sku&amp#27;[0m &amp#27;[90m# org.example.stepDefs.D04_searchStepDef.searchSku(java.lang.String)&amp#27;[0m
  &amp#27;[32mAnd &amp#27;[0m&amp#27;[32mclick search button&amp#27;[0m                                           &amp#27;[90m# org.example.stepDefs.D04_searchStepDef.clickSearchBtn()&amp#27;[0m
  &amp#27;[32mThen &amp#27;[0m&amp#27;[32mclick on product appeared in search results&amp#27;[0m                  &amp#27;[90m# org.example.stepDefs.D04_searchStepDef.clickOnProduct()&amp#27;[0m
  &amp#27;[32mAnd &amp#27;[0m&amp#27;[32mvalidate appeared product with searched &amp#27;[0m&amp#27;[32m&amp#27;[1mSCI_FAITH&amp#27;[0m             &amp#27;[90m# org.example.stepDefs.D04_searchStepDef.validateSku(java.lang.String)&amp#27;[0m
]]></system-out>
    <system-err><![CDATA[Starting ChromeDriver 103.0.5060.53 (a1711811edd74ff1cf2150f36ffa3b0dae40b17f-refs/branch-heads/5060@{#853}) on port 62750
Only local connections are allowed.
Please see https://chromedriver.chromium.org/security-considerations for suggestions on keeping ChromeDriver safe.
ChromeDriver was started successfully.
Jul 23, 2022 9:27:08 PM org.openqa.selenium.remote.ProtocolHandshake createSession
INFO: Detected upstream dialect: W3C
Jul 23, 2022 9:27:09 PM org.openqa.selenium.devtools.CdpVersionFinder findNearestMatch
INFO: Found exact CDP implementation for version 103
]]></system-err>
  </testcase>
  <testcase name="runScenario[&quot;user could search for product using product sku&quot;, &quot;F04_Search | user could search using product name &amp; sku&quot;](9)" classname="org.example.testRunner.Runners" time="5.919">
    <system-out><![CDATA[
@smoke
Scenario Outline: user could search for product using product sku   &amp#27;[90m# src/main/resources/features/F04_Search.feature:26&amp#27;[0m
  &amp#27;[32mGiven &amp#27;[0m&amp#27;[32muser type &amp#27;[0m&amp#27;[32m&amp#27;[1mAPPLE_CAM&amp#27;[0m&amp#27;[32m on search bar to search for product sku&amp#27;[0m &amp#27;[90m# org.example.stepDefs.D04_searchStepDef.searchSku(java.lang.String)&amp#27;[0m
  &amp#27;[32mAnd &amp#27;[0m&amp#27;[32mclick search button&amp#27;[0m                                           &amp#27;[90m# org.example.stepDefs.D04_searchStepDef.clickSearchBtn()&amp#27;[0m
  &amp#27;[32mThen &amp#27;[0m&amp#27;[32mclick on product appeared in search results&amp#27;[0m                  &amp#27;[90m# org.example.stepDefs.D04_searchStepDef.clickOnProduct()&amp#27;[0m
  &amp#27;[32mAnd &amp#27;[0m&amp#27;[32mvalidate appeared product with searched &amp#27;[0m&amp#27;[32m&amp#27;[1mAPPLE_CAM&amp#27;[0m             &amp#27;[90m# org.example.stepDefs.D04_searchStepDef.validateSku(java.lang.String)&amp#27;[0m
]]></system-out>
    <system-err><![CDATA[Starting ChromeDriver 103.0.5060.53 (a1711811edd74ff1cf2150f36ffa3b0dae40b17f-refs/branch-heads/5060@{#853}) on port 51148
Only local connections are allowed.
Please see https://chromedriver.chromium.org/security-considerations for suggestions on keeping ChromeDriver safe.
ChromeDriver was started successfully.
Jul 23, 2022 9:27:15 PM org.openqa.selenium.remote.ProtocolHandshake createSession
INFO: Detected upstream dialect: W3C
Jul 23, 2022 9:27:15 PM org.openqa.selenium.devtools.CdpVersionFinder findNearestMatch
INFO: Found exact CDP implementation for version 103
]]></system-err>
  </testcase>
  <testcase name="runScenario[&quot;user could search for product using product sku&quot;, &quot;F04_Search | user could search using product name &amp; sku&quot;](10)" classname="org.example.testRunner.Runners" time="7.61">
    <system-out><![CDATA[
@smoke
Scenario Outline: user could search for product using product sku   &amp#27;[90m# src/main/resources/features/F04_Search.feature:27&amp#27;[0m
  &amp#27;[32mGiven &amp#27;[0m&amp#27;[32muser type &amp#27;[0m&amp#27;[32m&amp#27;[1mSF_PRO_11&amp#27;[0m&amp#27;[32m on search bar to search for product sku&amp#27;[0m &amp#27;[90m# org.example.stepDefs.D04_searchStepDef.searchSku(java.lang.String)&amp#27;[0m
  &amp#27;[32mAnd &amp#27;[0m&amp#27;[32mclick search button&amp#27;[0m                                           &amp#27;[90m# org.example.stepDefs.D04_searchStepDef.clickSearchBtn()&amp#27;[0m
  &amp#27;[32mThen &amp#27;[0m&amp#27;[32mclick on product appeared in search results&amp#27;[0m                  &amp#27;[90m# org.example.stepDefs.D04_searchStepDef.clickOnProduct()&amp#27;[0m
  &amp#27;[32mAnd &amp#27;[0m&amp#27;[32mvalidate appeared product with searched &amp#27;[0m&amp#27;[32m&amp#27;[1mSF_PRO_11&amp#27;[0m             &amp#27;[90m# org.example.stepDefs.D04_searchStepDef.validateSku(java.lang.String)&amp#27;[0m
]]></system-out>
    <system-err><![CDATA[Starting ChromeDriver 103.0.5060.53 (a1711811edd74ff1cf2150f36ffa3b0dae40b17f-refs/branch-heads/5060@{#853}) on port 53220
Only local connections are allowed.
Please see https://chromedriver.chromium.org/security-considerations for suggestions on keeping ChromeDriver safe.
ChromeDriver was started successfully.
Jul 23, 2022 9:27:21 PM org.openqa.selenium.remote.ProtocolHandshake createSession
INFO: Detected upstream dialect: W3C
Jul 23, 2022 9:27:21 PM org.openqa.selenium.devtools.CdpVersionFinder findNearestMatch
INFO: Found exact CDP implementation for version 103
]]></system-err>
  </testcase>
  <testcase name="runScenario[&quot;user could hover category &amp; select subcategory from it&quot;, &quot;F05_HoverCategories | user could hover and select categories &amp; subcategories&quot;](11)" classname="org.example.testRunner.Runners" time="5.618">
    <system-out><![CDATA[
@smoke
Scenario: user could hover category & select subcategory from it &amp#27;[90m# src/main/resources/features/F05_HoverCategories.feature:5&amp#27;[0m
  &amp#27;[32mGiven &amp#27;[0m&amp#27;[32muser could hover on category list&amp#27;[0m                        &amp#27;[90m# org.example.stepDefs.D05_hoverCategoriesStepDef.getHover()&amp#27;[0m
  &amp#27;[32mThen &amp#27;[0m&amp#27;[32muser click on subcategory&amp#27;[0m                                 &amp#27;[90m# org.example.stepDefs.D05_hoverCategoriesStepDef.clickOnSelectedCategory()&amp#27;[0m
  &amp#27;[32mAnd &amp#27;[0m&amp#27;[32mvalidate subcategory name on title page&amp#27;[0m                    &amp#27;[90m# org.example.stepDefs.D05_hoverCategoriesStepDef.validateCategory()&amp#27;[0m
]]></system-out>
    <system-err><![CDATA[Starting ChromeDriver 103.0.5060.53 (a1711811edd74ff1cf2150f36ffa3b0dae40b17f-refs/branch-heads/5060@{#853}) on port 63656
Only local connections are allowed.
Please see https://chromedriver.chromium.org/security-considerations for suggestions on keeping ChromeDriver safe.
ChromeDriver was started successfully.
Jul 23, 2022 9:27:28 PM org.openqa.selenium.remote.ProtocolHandshake createSession
INFO: Detected upstream dialect: W3C
Jul 23, 2022 9:27:28 PM org.openqa.selenium.devtools.CdpVersionFinder findNearestMatch
INFO: Found exact CDP implementation for version 103
]]></system-err>
  </testcase>
  <testcase name="runScenario[&quot;user redirect to correct page of the first slider&quot;, &quot;F06_HomeSliders | user could redirect to correct URL&quot;](12)" classname="org.example.testRunner.Runners" time="6.867">
    <failure message="first slider expected [https://demo.nopcommerce.com/nokia-lumia-1020] but found [https://demo.nopcommerce.com/]" type="java.lang.AssertionError"><![CDATA[java.lang.AssertionError: first slider expected [https://demo.nopcommerce.com/nokia-lumia-1020] but found [https://demo.nopcommerce.com/]
	at org.testng.Assert.fail(Assert.java:110)
	at org.testng.Assert.failNotEquals(Assert.java:1413)
	at org.testng.Assert.assertEqualsImpl(Assert.java:149)
	at org.testng.Assert.assertEquals(Assert.java:131)
	at org.testng.Assert.assertEquals(Assert.java:655)
	at org.example.stepDefs.D06_homeSlidersStepDef.validateSecondSlider(D06_homeSlidersStepDef.java:37)
	at ✽.validate "https://demo.nopcommerce.com/nokia-lumia-1020" is correct on "first slider"(file:///C:/Users/Yodawy/IdeaProjects/DemoNopCommerce/src/main/resources/features/F06_HomeSliders.feature:8)
]]></failure>
    <system-out><![CDATA[
@smoke
Scenario: user redirect to correct page of the first slider                                 &amp#27;[90m# src/main/resources/features/F06_HomeSliders.feature:5&amp#27;[0m
  &amp#27;[32mWhen &amp#27;[0m&amp#27;[32muser click on first control dot&amp#27;[0m                                                      &amp#27;[90m# org.example.stepDefs.D06_homeSlidersStepDef.clickFirstDot()&amp#27;[0m
  &amp#27;[32mThen &amp#27;[0m&amp#27;[32muser could click on first slider&amp#27;[0m                                                     &amp#27;[90m# org.example.stepDefs.D06_homeSlidersStepDef.clickFirstSlider()&amp#27;[0m
  &amp#27;[31mAnd &amp#27;[0m&amp#27;[31mvalidate "&amp#27;[0m&amp#27;[31m&amp#27;[1mhttps://demo.nopcommerce.com/nokia-lumia-1020&amp#27;[0m&amp#27;[31m" is correct on "&amp#27;[0m&amp#27;[31m&amp#27;[1mfirst slider&amp#27;[0m&amp#27;[31m"&amp#27;[0m &amp#27;[90m# org.example.stepDefs.D06_homeSlidersStepDef.validateSecondSlider(java.lang.String,java.lang.String)&amp#27;[0m
      &amp#27;[31mjava.lang.AssertionError: first slider expected [https://demo.nopcommerce.com/nokia-lumia-1020] but found [https://demo.nopcommerce.com/]
	at org.testng.Assert.fail(Assert.java:110)
	at org.testng.Assert.failNotEquals(Assert.java:1413)
	at org.testng.Assert.assertEqualsImpl(Assert.java:149)
	at org.testng.Assert.assertEquals(Assert.java:131)
	at org.testng.Assert.assertEquals(Assert.java:655)
	at org.example.stepDefs.D06_homeSlidersStepDef.validateSecondSlider(D06_homeSlidersStepDef.java:37)
	at ✽.validate "https://demo.nopcommerce.com/nokia-lumia-1020" is correct on "first slider"(file:///C:/Users/Yodawy/IdeaProjects/DemoNopCommerce/src/main/resources/features/F06_HomeSliders.feature:8)
&amp#27;[0m
]]></system-out>
    <system-err><![CDATA[Starting ChromeDriver 103.0.5060.53 (a1711811edd74ff1cf2150f36ffa3b0dae40b17f-refs/branch-heads/5060@{#853}) on port 59248
Only local connections are allowed.
Please see https://chromedriver.chromium.org/security-considerations for suggestions on keeping ChromeDriver safe.
ChromeDriver was started successfully.
Jul 23, 2022 9:27:34 PM org.openqa.selenium.remote.ProtocolHandshake createSession
INFO: Detected upstream dialect: W3C
Jul 23, 2022 9:27:34 PM org.openqa.selenium.devtools.CdpVersionFinder findNearestMatch
INFO: Found exact CDP implementation for version 103
]]></system-err>
  </testcase>
  <testcase name="runScenario[&quot;user redirect to correct page of the second slider&quot;, &quot;F06_HomeSliders | user could redirect to correct URL&quot;](13)" classname="org.example.testRunner.Runners" time="6.341">
    <failure message="second slider expected [https://demo.nopcommerce.com/iphone-6] but found [https://demo.nopcommerce.com/]" type="java.lang.AssertionError"><![CDATA[java.lang.AssertionError: second slider expected [https://demo.nopcommerce.com/iphone-6] but found [https://demo.nopcommerce.com/]
	at org.testng.Assert.fail(Assert.java:110)
	at org.testng.Assert.failNotEquals(Assert.java:1413)
	at org.testng.Assert.assertEqualsImpl(Assert.java:149)
	at org.testng.Assert.assertEquals(Assert.java:131)
	at org.testng.Assert.assertEquals(Assert.java:655)
	at org.example.stepDefs.D06_homeSlidersStepDef.validateSecondSlider(D06_homeSlidersStepDef.java:37)
	at ✽.validate "https://demo.nopcommerce.com/iphone-6" is correct on "second slider"(file:///C:/Users/Yodawy/IdeaProjects/DemoNopCommerce/src/main/resources/features/F06_HomeSliders.feature:13)
]]></failure>
    <system-out><![CDATA[
@smoke
Scenario: user redirect to correct page of the second slider                         &amp#27;[90m# src/main/resources/features/F06_HomeSliders.feature:10&amp#27;[0m
  &amp#27;[32mWhen &amp#27;[0m&amp#27;[32muser click on second control dot&amp#27;[0m                                              &amp#27;[90m# org.example.stepDefs.D06_homeSlidersStepDef.clickSecondDot()&amp#27;[0m
  &amp#27;[32mThen &amp#27;[0m&amp#27;[32muser could click on second slider&amp#27;[0m                                             &amp#27;[90m# org.example.stepDefs.D06_homeSlidersStepDef.clickSecondSlider()&amp#27;[0m
  &amp#27;[31mAnd &amp#27;[0m&amp#27;[31mvalidate "&amp#27;[0m&amp#27;[31m&amp#27;[1mhttps://demo.nopcommerce.com/iphone-6&amp#27;[0m&amp#27;[31m" is correct on "&amp#27;[0m&amp#27;[31m&amp#27;[1msecond slider&amp#27;[0m&amp#27;[31m"&amp#27;[0m &amp#27;[90m# org.example.stepDefs.D06_homeSlidersStepDef.validateSecondSlider(java.lang.String,java.lang.String)&amp#27;[0m
      &amp#27;[31mjava.lang.AssertionError: second slider expected [https://demo.nopcommerce.com/iphone-6] but found [https://demo.nopcommerce.com/]
	at org.testng.Assert.fail(Assert.java:110)
	at org.testng.Assert.failNotEquals(Assert.java:1413)
	at org.testng.Assert.assertEqualsImpl(Assert.java:149)
	at org.testng.Assert.assertEquals(Assert.java:131)
	at org.testng.Assert.assertEquals(Assert.java:655)
	at org.example.stepDefs.D06_homeSlidersStepDef.validateSecondSlider(D06_homeSlidersStepDef.java:37)
	at ✽.validate "https://demo.nopcommerce.com/iphone-6" is correct on "second slider"(file:///C:/Users/Yodawy/IdeaProjects/DemoNopCommerce/src/main/resources/features/F06_HomeSliders.feature:13)
&amp#27;[0m
]]></system-out>
    <system-err><![CDATA[Starting ChromeDriver 103.0.5060.53 (a1711811edd74ff1cf2150f36ffa3b0dae40b17f-refs/branch-heads/5060@{#853}) on port 61911
Only local connections are allowed.
Please see https://chromedriver.chromium.org/security-considerations for suggestions on keeping ChromeDriver safe.
ChromeDriver was started successfully.
Jul 23, 2022 9:27:41 PM org.openqa.selenium.remote.ProtocolHandshake createSession
INFO: Detected upstream dialect: W3C
Jul 23, 2022 9:27:41 PM org.openqa.selenium.devtools.CdpVersionFinder findNearestMatch
INFO: Found exact CDP implementation for version 103
]]></system-err>
  </testcase>
  <testcase name="runScenario[&quot;user opens facebook link&quot;, &quot;F07_FollowUs | users could open followUs links&quot;](14)" classname="org.example.testRunner.Runners" time="5.673">
    <system-out><![CDATA[
@smoke
Scenario: user opens facebook link                                 &amp#27;[90m# src/main/resources/features/F07_FollowUs.feature:5&amp#27;[0m
  &amp#27;[32mWhen &amp#27;[0m&amp#27;[32muser opens facebook link&amp#27;[0m                                    &amp#27;[90m# org.example.stepDefs.D07_followUsStepDef.openFacebook()&amp#27;[0m
  &amp#27;[32mThen &amp#27;[0m&amp#27;[32m"&amp#27;[0m&amp#27;[32m&amp#27;[1mhttps://www.facebook.com/nopCommerce&amp#27;[0m&amp#27;[32m" is opened in new tab&amp#27;[0m &amp#27;[90m# org.example.stepDefs.D07_followUsStepDef.validateFacebook(java.lang.String)&amp#27;[0m
]]></system-out>
    <system-err><![CDATA[Starting ChromeDriver 103.0.5060.53 (a1711811edd74ff1cf2150f36ffa3b0dae40b17f-refs/branch-heads/5060@{#853}) on port 56441
Only local connections are allowed.
Please see https://chromedriver.chromium.org/security-considerations for suggestions on keeping ChromeDriver safe.
ChromeDriver was started successfully.
Jul 23, 2022 9:27:47 PM org.openqa.selenium.remote.ProtocolHandshake createSession
INFO: Detected upstream dialect: W3C
Jul 23, 2022 9:27:47 PM org.openqa.selenium.devtools.CdpVersionFinder findNearestMatch
INFO: Found exact CDP implementation for version 103
]]></system-err>
  </testcase>
  <testcase name="runScenario[&quot;user opens twitter link&quot;, &quot;F07_FollowUs | users could open followUs links&quot;](15)" classname="org.example.testRunner.Runners" time="8.714">
    <system-out><![CDATA[
@smoke
Scenario: user opens twitter link                             &amp#27;[90m# src/main/resources/features/F07_FollowUs.feature:9&amp#27;[0m
  &amp#27;[32mWhen &amp#27;[0m&amp#27;[32muser opens twitter link&amp#27;[0m                                &amp#27;[90m# org.example.stepDefs.D07_followUsStepDef.openTwitter()&amp#27;[0m
  &amp#27;[32mThen &amp#27;[0m&amp#27;[32m"&amp#27;[0m&amp#27;[32m&amp#27;[1mhttps://twitter.com/nopCommerce&amp#27;[0m&amp#27;[32m" is opened in new tab&amp#27;[0m &amp#27;[90m# org.example.stepDefs.D07_followUsStepDef.validateFacebook(java.lang.String)&amp#27;[0m
]]></system-out>
    <system-err><![CDATA[Starting ChromeDriver 103.0.5060.53 (a1711811edd74ff1cf2150f36ffa3b0dae40b17f-refs/branch-heads/5060@{#853}) on port 58973
Only local connections are allowed.
Please see https://chromedriver.chromium.org/security-considerations for suggestions on keeping ChromeDriver safe.
ChromeDriver was started successfully.
Jul 23, 2022 9:27:53 PM org.openqa.selenium.remote.ProtocolHandshake createSession
INFO: Detected upstream dialect: W3C
Jul 23, 2022 9:27:53 PM org.openqa.selenium.devtools.CdpVersionFinder findNearestMatch
INFO: Found exact CDP implementation for version 103
]]></system-err>
  </testcase>
  <testcase name="runScenario[&quot;user opens rss link&quot;, &quot;F07_FollowUs | users could open followUs links&quot;](16)" classname="org.example.testRunner.Runners" time="6.115">
    <failure message="Index 1 out of bounds for length 1" type="java.lang.IndexOutOfBoundsException"><![CDATA[java.lang.IndexOutOfBoundsException: Index 1 out of bounds for length 1
	at java.base/jdk.internal.util.Preconditions.outOfBounds(Preconditions.java:100)
	at java.base/jdk.internal.util.Preconditions.outOfBoundsCheckIndex(Preconditions.java:106)
	at java.base/jdk.internal.util.Preconditions.checkIndex(Preconditions.java:302)
	at java.base/java.util.Objects.checkIndex(Objects.java:359)
	at java.base/java.util.ArrayList.get(ArrayList.java:427)
	at org.example.stepDefs.D07_followUsStepDef.validateFacebook(D07_followUsStepDef.java:37)
	at ✽."https://demo.nopcommerce.com/new-online-store-is-open" is opened in new tab(file:///C:/Users/Yodawy/IdeaProjects/DemoNopCommerce/src/main/resources/features/F07_FollowUs.feature:15)
]]></failure>
    <system-out><![CDATA[
@smoke
Scenario: user opens rss link                                                       &amp#27;[90m# src/main/resources/features/F07_FollowUs.feature:13&amp#27;[0m
  &amp#27;[32mWhen &amp#27;[0m&amp#27;[32muser opens rss link&amp#27;[0m                                                          &amp#27;[90m# org.example.stepDefs.D07_followUsStepDef.openRss()&amp#27;[0m
  &amp#27;[31mThen &amp#27;[0m&amp#27;[31m"&amp#27;[0m&amp#27;[31m&amp#27;[1mhttps://demo.nopcommerce.com/new-online-store-is-open&amp#27;[0m&amp#27;[31m" is opened in new tab&amp#27;[0m &amp#27;[90m# org.example.stepDefs.D07_followUsStepDef.validateFacebook(java.lang.String)&amp#27;[0m
      &amp#27;[31mjava.lang.IndexOutOfBoundsException: Index 1 out of bounds for length 1
	at java.base/jdk.internal.util.Preconditions.outOfBounds(Preconditions.java:100)
	at java.base/jdk.internal.util.Preconditions.outOfBoundsCheckIndex(Preconditions.java:106)
	at java.base/jdk.internal.util.Preconditions.checkIndex(Preconditions.java:302)
	at java.base/java.util.Objects.checkIndex(Objects.java:359)
	at java.base/java.util.ArrayList.get(ArrayList.java:427)
	at org.example.stepDefs.D07_followUsStepDef.validateFacebook(D07_followUsStepDef.java:37)
	at ✽."https://demo.nopcommerce.com/new-online-store-is-open" is opened in new tab(file:///C:/Users/Yodawy/IdeaProjects/DemoNopCommerce/src/main/resources/features/F07_FollowUs.feature:15)
&amp#27;[0m
]]></system-out>
    <system-err><![CDATA[Starting ChromeDriver 103.0.5060.53 (a1711811edd74ff1cf2150f36ffa3b0dae40b17f-refs/branch-heads/5060@{#853}) on port 56897
Only local connections are allowed.
Please see https://chromedriver.chromium.org/security-considerations for suggestions on keeping ChromeDriver safe.
ChromeDriver was started successfully.
Jul 23, 2022 9:28:01 PM org.openqa.selenium.remote.ProtocolHandshake createSession
INFO: Detected upstream dialect: W3C
Jul 23, 2022 9:28:01 PM org.openqa.selenium.devtools.CdpVersionFinder findNearestMatch
INFO: Found exact CDP implementation for version 103
]]></system-err>
  </testcase>
  <testcase name="runScenario[&quot;user opens youtube link&quot;, &quot;F07_FollowUs | users could open followUs links&quot;](17)" classname="org.example.testRunner.Runners" time="7.562">
    <system-out><![CDATA[
@smoke
Scenario: user opens youtube link                                      &amp#27;[90m# src/main/resources/features/F07_FollowUs.feature:17&amp#27;[0m
  &amp#27;[32mWhen &amp#27;[0m&amp#27;[32muser opens youtube link&amp#27;[0m                                         &amp#27;[90m# org.example.stepDefs.D07_followUsStepDef.openYoutube()&amp#27;[0m
  &amp#27;[32mThen &amp#27;[0m&amp#27;[32m"&amp#27;[0m&amp#27;[32m&amp#27;[1mhttps://www.youtube.com/user/nopCommerce&amp#27;[0m&amp#27;[32m" is opened in new tab&amp#27;[0m &amp#27;[90m# org.example.stepDefs.D07_followUsStepDef.validateFacebook(java.lang.String)&amp#27;[0m
]]></system-out>
    <system-err><![CDATA[Starting ChromeDriver 103.0.5060.53 (a1711811edd74ff1cf2150f36ffa3b0dae40b17f-refs/branch-heads/5060@{#853}) on port 57722
Only local connections are allowed.
Please see https://chromedriver.chromium.org/security-considerations for suggestions on keeping ChromeDriver safe.
ChromeDriver was started successfully.
Jul 23, 2022 9:28:07 PM org.openqa.selenium.remote.ProtocolHandshake createSession
INFO: Detected upstream dialect: W3C
Jul 23, 2022 9:28:07 PM org.openqa.selenium.devtools.CdpVersionFinder findNearestMatch
INFO: Found exact CDP implementation for version 103
]]></system-err>
  </testcase>
  <testcase name="runScenario[&quot;user could add to wishlist&quot;, &quot;F08_Wishlist | users could add to wishlist and count&quot;](18)" classname="org.example.testRunner.Runners" time="4.629">
    <system-out><![CDATA[
@smoke
Scenario: user could add to wishlist                 &amp#27;[90m# src/main/resources/features/F08_Wishlist.feature:5&amp#27;[0m
  &amp#27;[32mWhen &amp#27;[0m&amp#27;[32muser click on wishlist button on product&amp#27;[0m      &amp#27;[90m# org.example.stepDefs.D08_wishlistStepDef.clickOnWishlistBTN()&amp#27;[0m
  &amp#27;[32mThen &amp#27;[0m&amp#27;[32mvalidate success message and background color&amp#27;[0m &amp#27;[90m# org.example.stepDefs.D08_wishlistStepDef.validateSuccessMes()&amp#27;[0m
]]></system-out>
    <system-err><![CDATA[Starting ChromeDriver 103.0.5060.53 (a1711811edd74ff1cf2150f36ffa3b0dae40b17f-refs/branch-heads/5060@{#853}) on port 51947
Only local connections are allowed.
Please see https://chromedriver.chromium.org/security-considerations for suggestions on keeping ChromeDriver safe.
ChromeDriver was started successfully.
Jul 23, 2022 9:28:15 PM org.openqa.selenium.remote.ProtocolHandshake createSession
INFO: Detected upstream dialect: W3C
Jul 23, 2022 9:28:15 PM org.openqa.selenium.devtools.CdpVersionFinder findNearestMatch
INFO: Found exact CDP implementation for version 103
]]></system-err>
  </testcase>
  <testcase name="runScenario[&quot;user could add to wishlist and check quantity of it&quot;, &quot;F08_Wishlist | users could add to wishlist and count&quot;](19)" classname="org.example.testRunner.Runners" time="4.953">
    <system-out><![CDATA[
@smoke
Scenario: user could add to wishlist and check quantity of it &amp#27;[90m# src/main/resources/features/F08_Wishlist.feature:9&amp#27;[0m
  &amp#27;[32mWhen &amp#27;[0m&amp#27;[32muser click on wishlist button on product&amp#27;[0m               &amp#27;[90m# org.example.stepDefs.D08_wishlistStepDef.clickOnWishlistBTN()&amp#27;[0m
  &amp#27;[32mThen &amp#27;[0m&amp#27;[32muser open wishlist page&amp#27;[0m                                &amp#27;[90m# org.example.stepDefs.D08_wishlistStepDef.openWishlistPage()&amp#27;[0m
  &amp#27;[32mAnd &amp#27;[0m&amp#27;[32mvalidate quantity is bigger than 0&amp#27;[0m                      &amp#27;[90m# org.example.stepDefs.D08_wishlistStepDef.validateQty()&amp#27;[0m
]]></system-out>
    <system-err><![CDATA[Starting ChromeDriver 103.0.5060.53 (a1711811edd74ff1cf2150f36ffa3b0dae40b17f-refs/branch-heads/5060@{#853}) on port 54069
Only local connections are allowed.
Please see https://chromedriver.chromium.org/security-considerations for suggestions on keeping ChromeDriver safe.
ChromeDriver was started successfully.
Jul 23, 2022 9:28:20 PM org.openqa.selenium.remote.ProtocolHandshake createSession
INFO: Detected upstream dialect: W3C
Jul 23, 2022 9:28:20 PM org.openqa.selenium.devtools.CdpVersionFinder findNearestMatch
INFO: Found exact CDP implementation for version 103
]]></system-err>
  </testcase>
</testsuite>