<?xml version="1.0" encoding="UTF-8"?>
<testsuite xmlns:xsi="http://www.w3.org/2001/XMLSchema-instance" xsi:noNamespaceSchemaLocation="https://maven.apache.org/surefire/maven-surefire-plugin/xsd/surefire-test-report-3.0.xsd" version="3.0" name="org.example.testRunner.Runners" time="54.166" tests="6" errors="0" skipped="0" failures="3">
  <properties>
[...]
</properties>
  <testcase name="runScenario[&quot;user redirect to correct page of the first slider&quot;, &quot;F06_HomeSliders | user could redirect to correct URL&quot;](1)" classname="org.example.testRunner.Runners" time="8.93">
    <failure message="first slider expected [https://demo.nopcommerce.com/nokia-lumia-1020] but found [https://demo.nopcommerce.com/]" type="java.lang.AssertionError"><![CDATA[java.lang.AssertionError: first slider expected [https://demo.nopcommerce.com/nokia-lumia-1020] but found [https://demo.nopcommerce.com/]
	at org.testng.Assert.fail(Assert.java:110)
	at org.testng.Assert.failNotEquals(Assert.java:1413)
	at org.testng.Assert.assertEqualsImpl(Assert.java:149)
	at org.testng.Assert.assertEquals(Assert.java:131)
	at org.testng.Assert.assertEquals(Assert.java:655)
	at org.example.stepDefs.D06_homeSlidersStepDef.validateSecondSlider(D06_homeSlidersStepDef.java:38)
	at ✽.validate "https://demo.nopcommerce.com/nokia-lumia-1020" is correct on "first slider"(file:///C:/Users/Yodawy/IdeaProjects/DemoNopCommerce/src/main/resources/features/F06_HomeSliders.feature:8)
]]></failure>
    <system-out><![CDATA[
@smoke1
Scenario: user redirect to correct page of the first slider                                 &amp#27;[90m# src/main/resources/features/F06_HomeSliders.feature:5&amp#27;[0m
  &amp#27;[32mWhen &amp#27;[0m&amp#27;[32muser click on first control dot&amp#27;[0m                                                      &amp#27;[90m# org.example.stepDefs.D06_homeSlidersStepDef.clickFirstDot()&amp#27;[0m
  &amp#27;[32mThen &amp#27;[0m&amp#27;[32muser could click on first slider&amp#27;[0m                                                     &amp#27;[90m# org.example.stepDefs.D06_homeSlidersStepDef.clickFirstSlider()&amp#27;[0m
  &amp#27;[31mAnd &amp#27;[0m&amp#27;[31mvalidate "&amp#27;[0m&amp#27;[31m&amp#27;[1mhttps://demo.nopcommerce.com/nokia-lumia-1020&amp#27;[0m&amp#27;[31m" is correct on "&amp#27;[0m&amp#27;[31m&amp#27;[1mfirst slider&amp#27;[0m&amp#27;[31m"&amp#27;[0m &amp#27;[90m# org.example.stepDefs.D06_homeSlidersStepDef.validateSecondSlider(java.lang.String,java.lang.String)&amp#27;[0m
      &amp#27;[31mjava.lang.AssertionError: first slider expected [https://demo.nopcommerce.com/nokia-lumia-1020] but found [https://demo.nopcommerce.com/]
	at org.testng.Assert.fail(Assert.java:110)
	at org.testng.Assert.failNotEquals(Assert.java:1413)
	at org.testng.Assert.assertEqualsImpl(Assert.java:149)
	at org.testng.Assert.assertEquals(Assert.java:131)
	at org.testng.Assert.assertEquals(Assert.java:655)
	at org.example.stepDefs.D06_homeSlidersStepDef.validateSecondSlider(D06_homeSlidersStepDef.java:38)
	at ✽.validate "https://demo.nopcommerce.com/nokia-lumia-1020" is correct on "first slider"(file:///C:/Users/Yodawy/IdeaProjects/DemoNopCommerce/src/main/resources/features/F06_HomeSliders.feature:8)
&amp#27;[0m
]]></system-out>
    <system-err><![CDATA[SLF4J: Failed to load class "org.slf4j.impl.StaticLoggerBinder".
SLF4J: Defaulting to no-operation (NOP) logger implementation
SLF4J: See http://www.slf4j.org/codes.html#StaticLoggerBinder for further details.
Starting ChromeDriver 103.0.5060.53 (a1711811edd74ff1cf2150f36ffa3b0dae40b17f-refs/branch-heads/5060@{#853}) on port 56726
Only local connections are allowed.
Please see https://chromedriver.chromium.org/security-considerations for suggestions on keeping ChromeDriver safe.
ChromeDriver was started successfully.
Jul 23, 2022 3:32:39 AM org.openqa.selenium.remote.ProtocolHandshake createSession
INFO: Detected upstream dialect: W3C
Jul 23, 2022 3:32:39 AM org.openqa.selenium.devtools.CdpVersionFinder findNearestMatch
INFO: Found exact CDP implementation for version 103
]]></system-err>
  </testcase>
  <testcase name="runScenario[&quot;user redirect to correct page of the second slider&quot;, &quot;F06_HomeSliders | user could redirect to correct URL&quot;](2)" classname="org.example.testRunner.Runners" time="10.117">
    <failure message="second slider expected [https://demo.nopcommerce.com/iphone-6] but found [https://demo.nopcommerce.com/]" type="java.lang.AssertionError"><![CDATA[java.lang.AssertionError: second slider expected [https://demo.nopcommerce.com/iphone-6] but found [https://demo.nopcommerce.com/]
	at org.testng.Assert.fail(Assert.java:110)
	at org.testng.Assert.failNotEquals(Assert.java:1413)
	at org.testng.Assert.assertEqualsImpl(Assert.java:149)
	at org.testng.Assert.assertEquals(Assert.java:131)
	at org.testng.Assert.assertEquals(Assert.java:655)
	at org.example.stepDefs.D06_homeSlidersStepDef.validateSecondSlider(D06_homeSlidersStepDef.java:38)
	at ✽.validate "https://demo.nopcommerce.com/iphone-6" is correct on "second slider"(file:///C:/Users/Yodawy/IdeaProjects/DemoNopCommerce/src/main/resources/features/F06_HomeSliders.feature:13)
]]></failure>
    <system-out><![CDATA[
@smoke1
Scenario: user redirect to correct page of the second slider                         &amp#27;[90m# src/main/resources/features/F06_HomeSliders.feature:10&amp#27;[0m
  &amp#27;[32mWhen &amp#27;[0m&amp#27;[32muser click on second control dot&amp#27;[0m                                              &amp#27;[90m# org.example.stepDefs.D06_homeSlidersStepDef.clickSecondDot()&amp#27;[0m
  &amp#27;[32mThen &amp#27;[0m&amp#27;[32muser could click on second slider&amp#27;[0m                                             &amp#27;[90m# org.example.stepDefs.D06_homeSlidersStepDef.clickSecondSlider()&amp#27;[0m
  &amp#27;[31mAnd &amp#27;[0m&amp#27;[31mvalidate "&amp#27;[0m&amp#27;[31m&amp#27;[1mhttps://demo.nopcommerce.com/iphone-6&amp#27;[0m&amp#27;[31m" is correct on "&amp#27;[0m&amp#27;[31m&amp#27;[1msecond slider&amp#27;[0m&amp#27;[31m"&amp#27;[0m &amp#27;[90m# org.example.stepDefs.D06_homeSlidersStepDef.validateSecondSlider(java.lang.String,java.lang.String)&amp#27;[0m
      &amp#27;[31mjava.lang.AssertionError: second slider expected [https://demo.nopcommerce.com/iphone-6] but found [https://demo.nopcommerce.com/]
	at org.testng.Assert.fail(Assert.java:110)
	at org.testng.Assert.failNotEquals(Assert.java:1413)
	at org.testng.Assert.assertEqualsImpl(Assert.java:149)
	at org.testng.Assert.assertEquals(Assert.java:131)
	at org.testng.Assert.assertEquals(Assert.java:655)
	at org.example.stepDefs.D06_homeSlidersStepDef.validateSecondSlider(D06_homeSlidersStepDef.java:38)
	at ✽.validate "https://demo.nopcommerce.com/iphone-6" is correct on "second slider"(file:///C:/Users/Yodawy/IdeaProjects/DemoNopCommerce/src/main/resources/features/F06_HomeSliders.feature:13)
&amp#27;[0m
]]></system-out>
    <system-err><![CDATA[Starting ChromeDriver 103.0.5060.53 (a1711811edd74ff1cf2150f36ffa3b0dae40b17f-refs/branch-heads/5060@{#853}) on port 63746
Only local connections are allowed.
Please see https://chromedriver.chromium.org/security-considerations for suggestions on keeping ChromeDriver safe.
ChromeDriver was started successfully.
Jul 23, 2022 3:32:48 AM org.openqa.selenium.remote.ProtocolHandshake createSession
INFO: Detected upstream dialect: W3C
Jul 23, 2022 3:32:48 AM org.openqa.selenium.devtools.CdpVersionFinder findNearestMatch
INFO: Found exact CDP implementation for version 103
]]></system-err>
  </testcase>
  <testcase name="runScenario[&quot;user opens facebook link&quot;, &quot;F07_FollowUs | users could open followUs links&quot;](3)" classname="org.example.testRunner.Runners" time="7.771">
    <system-out><![CDATA[
@smoke1
Scenario: user opens facebook link                                 &amp#27;[90m# src/main/resources/features/F07_FollowUs.feature:5&amp#27;[0m
  &amp#27;[32mWhen &amp#27;[0m&amp#27;[32muser opens facebook link&amp#27;[0m                                    &amp#27;[90m# org.example.stepDefs.D07_followUsStepDef.openFacebook()&amp#27;[0m
  &amp#27;[32mThen &amp#27;[0m&amp#27;[32m"&amp#27;[0m&amp#27;[32m&amp#27;[1mhttps://www.facebook.com/nopCommerce&amp#27;[0m&amp#27;[32m" is opened in new tab&amp#27;[0m &amp#27;[90m# org.example.stepDefs.D07_followUsStepDef.validateFacebook(java.lang.String)&amp#27;[0m
]]></system-out>
    <system-err><![CDATA[Starting ChromeDriver 103.0.5060.53 (a1711811edd74ff1cf2150f36ffa3b0dae40b17f-refs/branch-heads/5060@{#853}) on port 52226
Only local connections are allowed.
Please see https://chromedriver.chromium.org/security-considerations for suggestions on keeping ChromeDriver safe.
ChromeDriver was started successfully.
Jul 23, 2022 3:32:57 AM org.openqa.selenium.remote.ProtocolHandshake createSession
INFO: Detected upstream dialect: W3C
Jul 23, 2022 3:32:57 AM org.openqa.selenium.devtools.CdpVersionFinder findNearestMatch
INFO: Found exact CDP implementation for version 103
]]></system-err>
  </testcase>
  <testcase name="runScenario[&quot;user opens twitter link&quot;, &quot;F07_FollowUs | users could open followUs links&quot;](4)" classname="org.example.testRunner.Runners" time="9.528">
    <system-out><![CDATA[
@smoke1
Scenario: user opens twitter link                             &amp#27;[90m# src/main/resources/features/F07_FollowUs.feature:9&amp#27;[0m
  &amp#27;[32mWhen &amp#27;[0m&amp#27;[32muser opens twitter link&amp#27;[0m                                &amp#27;[90m# org.example.stepDefs.D07_followUsStepDef.openTwitter()&amp#27;[0m
  &amp#27;[32mThen &amp#27;[0m&amp#27;[32m"&amp#27;[0m&amp#27;[32m&amp#27;[1mhttps://twitter.com/nopCommerce&amp#27;[0m&amp#27;[32m" is opened in new tab&amp#27;[0m &amp#27;[90m# org.example.stepDefs.D07_followUsStepDef.validateFacebook(java.lang.String)&amp#27;[0m
]]></system-out>
    <system-err><![CDATA[Starting ChromeDriver 103.0.5060.53 (a1711811edd74ff1cf2150f36ffa3b0dae40b17f-refs/branch-heads/5060@{#853}) on port 51762
Only local connections are allowed.
Please see https://chromedriver.chromium.org/security-considerations for suggestions on keeping ChromeDriver safe.
ChromeDriver was started successfully.
Jul 23, 2022 3:33:05 AM org.openqa.selenium.remote.ProtocolHandshake createSession
INFO: Detected upstream dialect: W3C
Jul 23, 2022 3:33:05 AM org.openqa.selenium.devtools.CdpVersionFinder findNearestMatch
INFO: Found exact CDP implementation for version 103
]]></system-err>
  </testcase>
  <testcase name="runScenario[&quot;user opens rss link&quot;, &quot;F07_FollowUs | users could open followUs links&quot;](5)" classname="org.example.testRunner.Runners" time="7.827">
    <failure message="Index 1 out of bounds for length 1" type="java.lang.IndexOutOfBoundsException"><![CDATA[java.lang.IndexOutOfBoundsException: Index 1 out of bounds for length 1
	at java.base/jdk.internal.util.Preconditions.outOfBounds(Preconditions.java:100)
	at java.base/jdk.internal.util.Preconditions.outOfBoundsCheckIndex(Preconditions.java:106)
	at java.base/jdk.internal.util.Preconditions.checkIndex(Preconditions.java:302)
	at java.base/java.util.Objects.checkIndex(Objects.java:359)
	at java.base/java.util.ArrayList.get(ArrayList.java:427)
	at org.example.stepDefs.D07_followUsStepDef.validateFacebook(D07_followUsStepDef.java:38)
	at ✽."https://demo.nopcommerce.com/new-online-store-is-open" is opened in new tab(file:///C:/Users/Yodawy/IdeaProjects/DemoNopCommerce/src/main/resources/features/F07_FollowUs.feature:15)
]]></failure>
    <system-out><![CDATA[
@smoke1
Scenario: user opens rss link                                                       &amp#27;[90m# src/main/resources/features/F07_FollowUs.feature:13&amp#27;[0m
  &amp#27;[32mWhen &amp#27;[0m&amp#27;[32muser opens rss link&amp#27;[0m                                                          &amp#27;[90m# org.example.stepDefs.D07_followUsStepDef.openRss()&amp#27;[0m
  &amp#27;[31mThen &amp#27;[0m&amp#27;[31m"&amp#27;[0m&amp#27;[31m&amp#27;[1mhttps://demo.nopcommerce.com/new-online-store-is-open&amp#27;[0m&amp#27;[31m" is opened in new tab&amp#27;[0m &amp#27;[90m# org.example.stepDefs.D07_followUsStepDef.validateFacebook(java.lang.String)&amp#27;[0m
      &amp#27;[31mjava.lang.IndexOutOfBoundsException: Index 1 out of bounds for length 1
	at java.base/jdk.internal.util.Preconditions.outOfBounds(Preconditions.java:100)
	at java.base/jdk.internal.util.Preconditions.outOfBoundsCheckIndex(Preconditions.java:106)
	at java.base/jdk.internal.util.Preconditions.checkIndex(Preconditions.java:302)
	at java.base/java.util.Objects.checkIndex(Objects.java:359)
	at java.base/java.util.ArrayList.get(ArrayList.java:427)
	at org.example.stepDefs.D07_followUsStepDef.validateFacebook(D07_followUsStepDef.java:38)
	at ✽."https://demo.nopcommerce.com/new-online-store-is-open" is opened in new tab(file:///C:/Users/Yodawy/IdeaProjects/DemoNopCommerce/src/main/resources/features/F07_FollowUs.feature:15)
&amp#27;[0m
]]></system-out>
    <system-err><![CDATA[Starting ChromeDriver 103.0.5060.53 (a1711811edd74ff1cf2150f36ffa3b0dae40b17f-refs/branch-heads/5060@{#853}) on port 49991
Only local connections are allowed.
Please see https://chromedriver.chromium.org/security-considerations for suggestions on keeping ChromeDriver safe.
ChromeDriver was started successfully.
Jul 23, 2022 3:33:15 AM org.openqa.selenium.remote.ProtocolHandshake createSession
INFO: Detected upstream dialect: W3C
Jul 23, 2022 3:33:15 AM org.openqa.selenium.devtools.CdpVersionFinder findNearestMatch
INFO: Found exact CDP implementation for version 103
]]></system-err>
  </testcase>
  <testcase name="runScenario[&quot;user opens youtube link&quot;, &quot;F07_FollowUs | users could open followUs links&quot;](6)" classname="org.example.testRunner.Runners" time="8.448">
    <system-out><![CDATA[
@smoke1
Scenario: user opens youtube link                                      &amp#27;[90m# src/main/resources/features/F07_FollowUs.feature:17&amp#27;[0m
  &amp#27;[32mWhen &amp#27;[0m&amp#27;[32muser opens youtube link&amp#27;[0m                                         &amp#27;[90m# org.example.stepDefs.D07_followUsStepDef.openYoutube()&amp#27;[0m
  &amp#27;[32mThen &amp#27;[0m&amp#27;[32m"&amp#27;[0m&amp#27;[32m&amp#27;[1mhttps://www.youtube.com/user/nopCommerce&amp#27;[0m&amp#27;[32m" is opened in new tab&amp#27;[0m &amp#27;[90m# org.example.stepDefs.D07_followUsStepDef.validateFacebook(java.lang.String)&amp#27;[0m
]]></system-out>
    <system-err><![CDATA[Starting ChromeDriver 103.0.5060.53 (a1711811edd74ff1cf2150f36ffa3b0dae40b17f-refs/branch-heads/5060@{#853}) on port 52081
Only local connections are allowed.
Please see https://chromedriver.chromium.org/security-considerations for suggestions on keeping ChromeDriver safe.
ChromeDriver was started successfully.
Jul 23, 2022 3:33:22 AM org.openqa.selenium.remote.ProtocolHandshake createSession
INFO: Detected upstream dialect: W3C
Jul 23, 2022 3:33:22 AM org.openqa.selenium.devtools.CdpVersionFinder findNearestMatch
INFO: Found exact CDP implementation for version 103
]]></system-err>
  </testcase>
</testsuite>